[INFO] Using random seed: 42

[NetworkState] Initialized for 5 workers, max capacity: 1000.0
[INFO] Using random seed: 42

[Worker 3] Episode 100, Reward: 52.45, Loss: 67.8563, Example action probs: [[0.389 0.455 0.156]]
[Worker 3] Episode 200, Reward: 90.00, Loss: 129.9226, Example action probs: [[0.373 0.44  0.187]]
[Worker 3] Episode 300, Reward: 35.25, Loss: 105.4802, Example action probs: [[0.383 0.409 0.207]]
[Worker 3] Episode 400, Reward: 52.75, Loss: 1.1222, Example action probs: [[0.487 0.132 0.381]]
[Worker 3] Episode 500, Reward: 64.75, Loss: 0.6129, Example action probs: [[0.527 0.095 0.378]]
[Worker 3] Episode 600, Reward: 49.85, Loss: 4.6316, Example action probs: [[0.485 0.204 0.311]]
[Worker 3] Episode 700, Reward: 60.10, Loss: 5.4079, Example action probs: [[0.42  0.254 0.326]]
[Worker 3] Episode 800, Reward: 81.45, Loss: 11.0223, Example action probs: [[0.421 0.271 0.308]]
[Worker 3] Episode 900, Reward: 51.65, Loss: 8.2300, Example action probs: [[0.475 0.238 0.287]]
[Worker 3] Episode 1000, Reward: 53.15, Loss: 5.2109, Example action probs: [[0.482 0.278 0.241]]
[Worker 3] Episode 1100, Reward: 56.05, Loss: 4.6568, Example action probs: [[0.389 0.338 0.273]]
[Worker 3] Episode 1200, Reward: 53.65, Loss: 19.5604, Example action probs: [[0.35  0.357 0.293]]
[Worker 3] Episode 1300, Reward: 82.05, Loss: 10.2706, Example action probs: [[0.341 0.297 0.362]]
[Worker 3] Episode 1400, Reward: 48.10, Loss: 2.7755, Example action probs: [[0.422 0.321 0.256]]
[Worker 3] Episode 1500, Reward: 64.20, Loss: 18.3394, Example action probs: [[0.484 0.344 0.171]]
[Worker 3] Episode 1600, Reward: 24.65, Loss: 2.3418, Example action probs: [[0.263 0.422 0.315]]
[Worker 3] Episode 1700, Reward: 80.20, Loss: 14.0476, Example action probs: [[0.312 0.453 0.235]]
[Worker 3] Episode 1800, Reward: 68.35, Loss: 6.1398, Example action probs: [[0.294 0.424 0.282]]
[Worker 3] Episode 1900, Reward: 51.00, Loss: 6.6043, Example action probs: [[0.31  0.431 0.259]]
[Worker 3] Episode 2000, Reward: 51.00, Loss: 2.6060, Example action probs: [[0.306 0.315 0.379]]
[INFO] Using random seed: 42

[Worker 2] Episode 100, Reward: 71.05, Loss: 77.6633, Example action probs: [[0.385 0.458 0.156]]
[Worker 2] Episode 200, Reward: 55.30, Loss: 71.0749, Example action probs: [[0.374 0.438 0.188]]
[Worker 2] Episode 300, Reward: 76.45, Loss: 124.0621, Example action probs: [[0.395 0.413 0.192]]
[Worker 2] Episode 400, Reward: 70.60, Loss: 4.1355, Example action probs: [[0.446 0.14  0.415]]
[Worker 2] Episode 500, Reward: 40.50, Loss: 0.6215, Example action probs: [[0.465 0.124 0.411]]
[Worker 2] Episode 600, Reward: 38.20, Loss: 1.9688, Example action probs: [[0.506 0.176 0.318]]
[Worker 2] Episode 700, Reward: 31.80, Loss: 2.7068, Example action probs: [[0.451 0.249 0.3  ]]
[Worker 2] Episode 800, Reward: 44.45, Loss: 2.1071, Example action probs: [[0.364 0.307 0.329]]
[Worker 2] Episode 900, Reward: 65.60, Loss: 1.5662, Example action probs: [[0.386 0.291 0.323]]
[Worker 2] Episode 1000, Reward: 53.15, Loss: 2.0388, Example action probs: [[0.397 0.34  0.263]]
[Worker 2] Episode 1100, Reward: 72.20, Loss: 8.7166, Example action probs: [[0.379 0.324 0.297]]
[Worker 2] Episode 1200, Reward: 59.10, Loss: 13.8405, Example action probs: [[0.336 0.372 0.292]]
[Worker 2] Episode 1300, Reward: 78.00, Loss: 30.2718, Example action probs: [[0.419 0.263 0.318]]
[Worker 2] Episode 1400, Reward: 49.80, Loss: 16.8426, Example action probs: [[0.355 0.374 0.271]]
[Worker 2] Episode 1500, Reward: 59.65, Loss: 8.7267, Example action probs: [[0.449 0.361 0.191]]
[Worker 2] Episode 1600, Reward: 49.40, Loss: 4.0460, Example action probs: [[0.317 0.41  0.273]]
[Worker 2] Episode 1700, Reward: 58.40, Loss: 0.8993, Example action probs: [[0.332 0.396 0.272]]
[Worker 2] Episode 1800, Reward: 64.15, Loss: 1.6051, Example action probs: [[0.374 0.369 0.257]]
[Worker 2] Episode 1900, Reward: 46.25, Loss: 12.9105, Example action probs: [[0.237 0.487 0.276]]
[Worker 2] Episode 2000, Reward: 50.00, Loss: 0.1951, Example action probs: [[0.363 0.281 0.356]]
[INFO] Using random seed: 42

[Worker 0] Episode 100, Reward: 77.90, Loss: 41.4845, Example action probs: [[0.393 0.451 0.156]]
[Worker 0] Episode 200, Reward: 66.30, Loss: 105.1689, Example action probs: [[0.373 0.44  0.187]]
[Worker 0] Episode 300, Reward: 51.90, Loss: 158.7603, Example action probs: [[0.365 0.418 0.217]]
[Worker 0] Episode 400, Reward: 23.50, Loss: 1.8712, Example action probs: [[0.495 0.157 0.348]]
[Worker 0] Episode 500, Reward: 44.75, Loss: 2.3729, Example action probs: [[0.473 0.099 0.428]]
[Worker 0] Episode 600, Reward: 55.65, Loss: 1.6830, Example action probs: [[0.564 0.179 0.257]]
[Worker 0] Episode 700, Reward: 64.90, Loss: 3.1062, Example action probs: [[0.443 0.243 0.314]]
[Worker 0] Episode 800, Reward: 37.50, Loss: 1.3582, Example action probs: [[0.388 0.286 0.325]]
[Worker 0] Episode 900, Reward: 49.45, Loss: 2.5790, Example action probs: [[0.436 0.242 0.322]]
[Worker 0] Episode 1000, Reward: 76.30, Loss: 3.7365, Example action probs: [[0.338 0.349 0.313]]
[Worker 0] Episode 1100, Reward: 54.25, Loss: 10.7268, Example action probs: [[0.416 0.315 0.269]]
[Worker 0] Episode 1200, Reward: 57.45, Loss: 5.0886, Example action probs: [[0.303 0.393 0.304]]
[Worker 0] Episode 1300, Reward: 42.05, Loss: 0.9819, Example action probs: [[0.359 0.273 0.368]]
[Worker 0] Episode 1400, Reward: 38.95, Loss: 9.0622, Example action probs: [[0.385 0.352 0.263]]
[Worker 0] Episode 1500, Reward: 48.50, Loss: 2.7719, Example action probs: [[0.471 0.346 0.183]]
[Worker 0] Episode 1600, Reward: 78.55, Loss: 6.4614, Example action probs: [[0.261 0.444 0.294]]
[Worker 0] Episode 1700, Reward: 44.85, Loss: 2.3445, Example action probs: [[0.259 0.493 0.248]]
[Worker 0] Episode 1800, Reward: 82.80, Loss: 10.6060, Example action probs: [[0.354 0.339 0.307]]
[Worker 0] Episode 1900, Reward: 63.30, Loss: 6.8728, Example action probs: [[0.276 0.457 0.266]]
[Worker 0] Episode 2000, Reward: 28.65, Loss: 0.9158, Example action probs: [[0.369 0.271 0.36 ]]
[INFO] Using random seed: 42

[Worker 1] Episode 100, Reward: 44.45, Loss: 80.5800, Example action probs: [[0.391 0.453 0.156]]
[Worker 1] Episode 200, Reward: 80.30, Loss: 59.4488, Example action probs: [[0.373 0.44  0.187]]
[Worker 1] Episode 300, Reward: 64.90, Loss: 166.7962, Example action probs: [[0.351 0.421 0.227]]
[Worker 1] Episode 400, Reward: 61.45, Loss: 1.1510, Example action probs: [[0.505 0.131 0.365]]
[Worker 1] Episode 500, Reward: 74.90, Loss: 19.2996, Example action probs: [[0.467 0.107 0.426]]
[Worker 1] Episode 600, Reward: 48.50, Loss: 3.0060, Example action probs: [[0.475 0.207 0.319]]
[Worker 1] Episode 700, Reward: 66.75, Loss: 7.1888, Example action probs: [[0.438 0.247 0.315]]
[Worker 1] Episode 800, Reward: 33.15, Loss: 0.5097, Example action probs: [[0.397 0.285 0.318]]
[Worker 1] Episode 900, Reward: 39.95, Loss: 2.2373, Example action probs: [[0.469 0.239 0.292]]
[Worker 1] Episode 1000, Reward: 86.15, Loss: 1.5432, Example action probs: [[0.435 0.301 0.265]]
[Worker 1] Episode 1100, Reward: 69.55, Loss: 2.0308, Example action probs: [[0.398 0.311 0.291]]
[Worker 1] Episode 1200, Reward: 47.85, Loss: 4.1961, Example action probs: [[0.33  0.379 0.291]]
[Worker 1] Episode 1300, Reward: 45.25, Loss: 1.8298, Example action probs: [[0.361 0.302 0.337]]
[Worker 1] Episode 1400, Reward: 56.10, Loss: 1.5548, Example action probs: [[0.385 0.336 0.28 ]]
[Worker 1] Episode 1500, Reward: 68.90, Loss: 0.7586, Example action probs: [[0.496 0.314 0.19 ]]
[Worker 1] Episode 1600, Reward: 59.25, Loss: 1.4078, Example action probs: [[0.315 0.377 0.308]]
[Worker 1] Episode 1700, Reward: 45.40, Loss: 2.2297, Example action probs: [[0.261 0.49  0.249]]
[Worker 1] Episode 1800, Reward: 41.40, Loss: 0.7581, Example action probs: [[0.318 0.352 0.33 ]]
[Worker 1] Episode 1900, Reward: 74.55, Loss: 5.7943, Example action probs: [[0.376 0.377 0.247]]
[Worker 1] Episode 2000, Reward: 53.35, Loss: 0.4465, Example action probs: [[0.322 0.299 0.379]]
[INFO] Using random seed: 42

[Worker 4] Episode 100, Reward: 53.25, Loss: 64.2015, Example action probs: [[0.387 0.457 0.156]]
[Worker 4] Episode 200, Reward: 57.05, Loss: 107.8941, Example action probs: [[0.374 0.439 0.187]]
[Worker 4] Episode 300, Reward: 57.80, Loss: 128.6479, Example action probs: [[0.386 0.408 0.205]]
[Worker 4] Episode 400, Reward: 63.15, Loss: 6.6597, Example action probs: [[0.527 0.154 0.319]]
[Worker 4] Episode 500, Reward: 51.00, Loss: 3.4662, Example action probs: [[0.546 0.098 0.356]]
[Worker 4] Episode 600, Reward: 91.55, Loss: 17.7831, Example action probs: [[0.533 0.178 0.289]]
[Worker 4] Episode 700, Reward: 57.45, Loss: 1.8248, Example action probs: [[0.447 0.24  0.314]]
[Worker 4] Episode 800, Reward: 39.55, Loss: 0.7692, Example action probs: [[0.403 0.278 0.319]]
[Worker 4] Episode 900, Reward: 67.40, Loss: 3.5779, Example action probs: [[0.456 0.234 0.31 ]]
[Worker 4] Episode 1000, Reward: 52.75, Loss: 1.1703, Example action probs: [[0.32  0.369 0.31 ]]
[Worker 4] Episode 1100, Reward: 58.00, Loss: 2.0858, Example action probs: [[0.405 0.305 0.289]]
[Worker 4] Episode 1200, Reward: 61.70, Loss: 4.0670, Example action probs: [[0.308 0.382 0.31 ]]
[Worker 4] Episode 1300, Reward: 56.90, Loss: 1.2502, Example action probs: [[0.37  0.301 0.329]]
[Worker 4] Episode 1400, Reward: 52.10, Loss: 5.4956, Example action probs: [[0.345 0.378 0.277]]
[Worker 4] Episode 1500, Reward: 59.30, Loss: 3.9611, Example action probs: [[0.45  0.383 0.167]]
[Worker 4] Episode 1600, Reward: 100.70, Loss: 2.1566, Example action probs: [[0.26  0.469 0.271]]
[Worker 4] Episode 1700, Reward: 50.35, Loss: 2.9722, Example action probs: [[0.292 0.423 0.284]]
[Worker 4] Episode 1800, Reward: 59.70, Loss: 9.1125, Example action probs: [[0.381 0.309 0.311]]
[Worker 4] Episode 1900, Reward: 59.05, Loss: 4.9447, Example action probs: [[0.312 0.398 0.29 ]]
[Worker 4] Episode 2000, Reward: 64.20, Loss: 4.0991, Example action probs: [[0.391 0.249 0.359]]
Training complete. Final model saved at: runs/a3c_20251027_143604/models/global_final.pth
Logs & curves saved under: runs/a3c_20251027_143604
[Summary] Global metrics saved: runs/a3c_20251027_143604/summary_global.csv
[Master] Appended to runs/all_training_metrics_20251027_143604.csv
[NetworkState] Initialized for 5 workers, max capacity: 1000.0
[INFO] Using random seed: 42

[Worker 0] Episode 100, Reward: 58.30, Loss: 11.3347, Example action probs: [[0.504 0.179 0.317]]
[Worker 0] Episode 200, Reward: 43.20, Loss: 1.2664, Example action probs: [[0.542 0.169 0.289]]
[Worker 0] Episode 300, Reward: 63.50, Loss: 49.6231, Example action probs: [[0.473 0.273 0.254]]
[Worker 0] Episode 400, Reward: 71.15, Loss: 62.7154, Example action probs: [[0.449 0.28  0.271]]
[Worker 0] Episode 500, Reward: 38.35, Loss: 36.5704, Example action probs: [[0.336 0.342 0.323]]
[Worker 0] Episode 600, Reward: 53.95, Loss: 95.5361, Example action probs: [[0.271 0.475 0.254]]
[Worker 0] Episode 700, Reward: 91.65, Loss: 28.6632, Example action probs: [[0.384 0.309 0.307]]
[Worker 0] Episode 800, Reward: 53.65, Loss: 109.9159, Example action probs: [[0.509 0.254 0.237]]
[Worker 0] Episode 900, Reward: 52.55, Loss: 43.3465, Example action probs: [[0.423 0.274 0.303]]
[Worker 0] Episode 1000, Reward: 73.40, Loss: 34.1519, Example action probs: [[0.375 0.301 0.325]]
[Worker 0] Episode 1100, Reward: 33.35, Loss: 146.9734, Example action probs: [[0.45  0.296 0.254]]
[Worker 0] Episode 1200, Reward: 58.70, Loss: 129.3495, Example action probs: [[0.401 0.251 0.348]]
[Worker 0] Episode 1300, Reward: 60.65, Loss: 74.4085, Example action probs: [[0.322 0.367 0.311]]
[Worker 0] Episode 1400, Reward: 35.15, Loss: 67.9584, Example action probs: [[0.297 0.488 0.216]]
[Worker 0] Episode 1500, Reward: 90.90, Loss: 110.8556, Example action probs: [[0.372 0.291 0.337]]
[Worker 0] Episode 1600, Reward: 87.10, Loss: 131.7682, Example action probs: [[0.438 0.198 0.364]]
[Worker 0] Episode 1700, Reward: 69.30, Loss: 111.7712, Example action probs: [[0.263 0.399 0.338]]
[Worker 0] Episode 1800, Reward: 38.65, Loss: 37.4493, Example action probs: [[0.198 0.341 0.461]]
[Worker 0] Episode 1900, Reward: 34.50, Loss: 13.5310, Example action probs: [[0.253 0.462 0.286]]
[Worker 0] Episode 2000, Reward: 75.45, Loss: 14.5092, Example action probs: [[0.249 0.484 0.266]]
[Worker 0] Individual training complete. Model saved at: runs/individual_20251027_143604/models/individual_worker_0_final.pth
[INFO] Using random seed: 42

[Worker 4] Episode 100, Reward: 39.15, Loss: 26.2369, Example action probs: [[0.592 0.165 0.243]]
[Worker 4] Episode 200, Reward: 35.05, Loss: 32.1679, Example action probs: [[0.678 0.194 0.129]]
[Worker 4] Episode 300, Reward: 52.20, Loss: 29.2525, Example action probs: [[0.503 0.232 0.265]]
[Worker 4] Episode 400, Reward: 44.10, Loss: 43.5170, Example action probs: [[0.347 0.369 0.284]]
[Worker 4] Episode 500, Reward: 21.25, Loss: 108.0555, Example action probs: [[0.297 0.527 0.175]]
[Worker 4] Episode 600, Reward: 62.10, Loss: 47.9660, Example action probs: [[0.41  0.399 0.191]]
[Worker 4] Episode 700, Reward: 56.35, Loss: 104.6955, Example action probs: [[0.459 0.371 0.169]]
[Worker 4] Episode 800, Reward: 36.70, Loss: 72.9059, Example action probs: [[0.416 0.374 0.21 ]]
[Worker 4] Episode 900, Reward: 73.95, Loss: 65.7856, Example action probs: [[0.33  0.472 0.198]]
[Worker 4] Episode 1000, Reward: 50.70, Loss: 95.5111, Example action probs: [[0.48  0.303 0.217]]
[Worker 4] Episode 1100, Reward: 59.45, Loss: 157.8660, Example action probs: [[0.409 0.419 0.172]]
[Worker 4] Episode 1200, Reward: 52.05, Loss: 165.3479, Example action probs: [[0.455 0.366 0.179]]
[Worker 4] Episode 1300, Reward: 53.90, Loss: 226.2657, Example action probs: [[0.429 0.334 0.238]]
[Worker 4] Episode 1400, Reward: 73.05, Loss: 122.4783, Example action probs: [[0.43  0.306 0.264]]
[Worker 4] Episode 1500, Reward: 67.50, Loss: 195.7580, Example action probs: [[0.517 0.219 0.264]]
[Worker 4] Episode 1600, Reward: 45.95, Loss: 81.6229, Example action probs: [[0.468 0.205 0.327]]
[Worker 4] Episode 1700, Reward: 26.00, Loss: 241.8044, Example action probs: [[0.534 0.2   0.266]]
[Worker 4] Episode 1800, Reward: 80.75, Loss: 64.8684, Example action probs: [[0.408 0.388 0.204]]
[Worker 4] Episode 1900, Reward: 40.05, Loss: 127.3047, Example action probs: [[0.405 0.318 0.277]]
[Worker 4] Episode 2000, Reward: 55.15, Loss: 19.2635, Example action probs: [[0.279 0.488 0.233]]
[Worker 4] Individual training complete. Model saved at: runs/individual_20251027_143604/models/individual_worker_4_final.pth
[INFO] Using random seed: 42

[Worker 3] Episode 100, Reward: 54.25, Loss: 9.1968, Example action probs: [[0.407 0.348 0.245]]
[Worker 3] Episode 200, Reward: 54.65, Loss: 23.5752, Example action probs: [[0.38  0.356 0.265]]
[Worker 3] Episode 300, Reward: 43.90, Loss: 59.5567, Example action probs: [[0.35  0.409 0.241]]
[Worker 3] Episode 400, Reward: 55.40, Loss: 69.5902, Example action probs: [[0.187 0.621 0.192]]
[Worker 3] Episode 500, Reward: 88.30, Loss: 34.5203, Example action probs: [[0.182 0.616 0.202]]
[Worker 3] Episode 600, Reward: 74.50, Loss: 107.0019, Example action probs: [[0.248 0.477 0.275]]
[Worker 3] Episode 700, Reward: 40.30, Loss: 107.9230, Example action probs: [[0.49  0.314 0.197]]
[Worker 3] Episode 800, Reward: 50.80, Loss: 121.8033, Example action probs: [[0.495 0.275 0.23 ]]
[Worker 3] Episode 900, Reward: 28.50, Loss: 88.3610, Example action probs: [[0.408 0.356 0.236]]
[Worker 3] Episode 1000, Reward: 61.60, Loss: 161.8128, Example action probs: [[0.475 0.326 0.199]]
[Worker 3] Episode 1100, Reward: 60.00, Loss: 200.3060, Example action probs: [[0.346 0.209 0.445]]
[Worker 3] Episode 1200, Reward: 65.30, Loss: 145.3566, Example action probs: [[0.275 0.337 0.388]]
[Worker 3] Episode 1300, Reward: 63.55, Loss: 190.6653, Example action probs: [[0.311 0.292 0.398]]
[Worker 3] Episode 1400, Reward: 35.85, Loss: 183.8779, Example action probs: [[0.389 0.259 0.351]]
[Worker 3] Episode 1500, Reward: 39.20, Loss: 173.9788, Example action probs: [[0.469 0.277 0.254]]
[Worker 3] Episode 1600, Reward: 29.65, Loss: 211.0821, Example action probs: [[0.355 0.299 0.346]]
[Worker 3] Episode 1700, Reward: 69.50, Loss: 166.0002, Example action probs: [[0.264 0.267 0.469]]
[Worker 3] Episode 1800, Reward: 77.35, Loss: 69.1024, Example action probs: [[0.218 0.413 0.369]]
[Worker 3] Episode 1900, Reward: 41.35, Loss: 12.7100, Example action probs: [[0.213 0.541 0.246]]
[Worker 3] Episode 2000, Reward: 55.10, Loss: 2.2676, Example action probs: [[0.231 0.567 0.202]]
[Worker 3] Individual training complete. Model saved at: runs/individual_20251027_143604/models/individual_worker_3_final.pth
[INFO] Using random seed: 42

[Worker 1] Episode 100, Reward: 49.60, Loss: 18.4160, Example action probs: [[0.349 0.095 0.556]]
[Worker 1] Episode 200, Reward: 56.20, Loss: 9.6365, Example action probs: [[0.458 0.157 0.385]]
[Worker 1] Episode 300, Reward: 68.60, Loss: 42.0748, Example action probs: [[0.433 0.184 0.383]]
[Worker 1] Episode 400, Reward: 56.50, Loss: 12.5712, Example action probs: [[0.299 0.323 0.378]]
[Worker 1] Episode 500, Reward: 80.40, Loss: 41.1923, Example action probs: [[0.223 0.495 0.282]]
[Worker 1] Episode 600, Reward: 43.35, Loss: 58.9962, Example action probs: [[0.273 0.38  0.347]]
[Worker 1] Episode 700, Reward: 62.55, Loss: 106.1312, Example action probs: [[0.369 0.321 0.31 ]]
[Worker 1] Episode 800, Reward: 95.80, Loss: 99.0941, Example action probs: [[0.425 0.276 0.299]]
[Worker 1] Episode 900, Reward: 25.25, Loss: 105.5882, Example action probs: [[0.481 0.212 0.307]]
[Worker 1] Episode 1000, Reward: 53.30, Loss: 72.1514, Example action probs: [[0.3   0.231 0.469]]
[Worker 1] Episode 1100, Reward: 37.40, Loss: 104.2579, Example action probs: [[0.369 0.324 0.307]]
[Worker 1] Episode 1200, Reward: 42.15, Loss: 111.1477, Example action probs: [[0.386 0.409 0.206]]
[Worker 1] Episode 1300, Reward: 39.05, Loss: 105.2258, Example action probs: [[0.344 0.447 0.209]]
[Worker 1] Episode 1400, Reward: 59.10, Loss: 128.2326, Example action probs: [[0.298 0.417 0.285]]
[Worker 1] Episode 1500, Reward: 60.45, Loss: 169.7510, Example action probs: [[0.463 0.351 0.186]]
[Worker 1] Episode 1600, Reward: 56.60, Loss: 201.5480, Example action probs: [[0.489 0.322 0.189]]
[Worker 1] Episode 1700, Reward: 38.60, Loss: 187.6001, Example action probs: [[0.411 0.469 0.12 ]]
[Worker 1] Episode 1800, Reward: 58.75, Loss: 236.9501, Example action probs: [[0.408 0.482 0.11 ]]
[Worker 1] Episode 1900, Reward: 49.40, Loss: 199.7556, Example action probs: [[0.481 0.388 0.131]]
[Worker 1] Episode 2000, Reward: 73.75, Loss: 134.8186, Example action probs: [[0.571 0.328 0.101]]
[Worker 1] Individual training complete. Model saved at: runs/individual_20251027_143604/models/individual_worker_1_final.pth
[INFO] Using random seed: 42

[Worker 2] Episode 100, Reward: 76.20, Loss: 20.6446, Example action probs: [[0.495 0.198 0.306]]
[Worker 2] Episode 200, Reward: 52.40, Loss: 25.7492, Example action probs: [[0.427 0.256 0.318]]
[Worker 2] Episode 300, Reward: 41.20, Loss: 33.9861, Example action probs: [[0.441 0.237 0.323]]
[Worker 2] Episode 400, Reward: 62.50, Loss: 66.6295, Example action probs: [[0.288 0.35  0.362]]
[Worker 2] Episode 500, Reward: 50.55, Loss: 72.5942, Example action probs: [[0.423 0.298 0.279]]
[Worker 2] Episode 600, Reward: 52.75, Loss: 94.4879, Example action probs: [[0.393 0.384 0.224]]
[Worker 2] Episode 700, Reward: 40.30, Loss: 93.7782, Example action probs: [[0.276 0.336 0.389]]
[Worker 2] Episode 800, Reward: 90.50, Loss: 62.4920, Example action probs: [[0.302 0.395 0.303]]
[Worker 2] Episode 900, Reward: 48.40, Loss: 125.5600, Example action probs: [[0.292 0.477 0.232]]
[Worker 2] Episode 1000, Reward: 48.70, Loss: 104.9377, Example action probs: [[0.266 0.528 0.206]]
[Worker 2] Episode 1100, Reward: 32.70, Loss: 170.9812, Example action probs: [[0.339 0.449 0.212]]
[Worker 2] Episode 1200, Reward: 44.65, Loss: 60.4783, Example action probs: [[0.456 0.334 0.21 ]]
[Worker 2] Episode 1300, Reward: 57.05, Loss: 93.3531, Example action probs: [[0.347 0.449 0.204]]
[Worker 2] Episode 1400, Reward: 56.05, Loss: 199.1190, Example action probs: [[0.384 0.45  0.166]]
[Worker 2] Episode 1500, Reward: 50.80, Loss: 221.0571, Example action probs: [[0.238 0.563 0.199]]
[Worker 2] Episode 1600, Reward: 60.85, Loss: 97.0028, Example action probs: [[0.376 0.411 0.213]]
[Worker 2] Episode 1700, Reward: 45.35, Loss: 285.7113, Example action probs: [[0.385 0.282 0.334]]
[Worker 2] Episode 1800, Reward: 59.50, Loss: 270.6276, Example action probs: [[0.365 0.245 0.39 ]]
[Worker 2] Episode 1900, Reward: 91.45, Loss: 136.3457, Example action probs: [[0.33  0.429 0.241]]
[Worker 2] Episode 2000, Reward: 62.25, Loss: 219.6517, Example action probs: [[0.403 0.351 0.246]]
[Worker 2] Individual training complete. Model saved at: runs/individual_20251027_143604/models/individual_worker_2_final.pth
Individual A2C training complete. Logs saved under: runs/individual_20251027_143604
[Summary] Individual_0 metrics saved: runs/individual_20251027_143604/summary_Individual_0.csv
[Summary] Individual_1 metrics saved: runs/individual_20251027_143604/summary_Individual_1.csv
[Summary] Individual_2 metrics saved: runs/individual_20251027_143604/summary_Individual_2.csv
[Summary] Individual_3 metrics saved: runs/individual_20251027_143604/summary_Individual_3.csv
[Summary] Individual_4 metrics saved: runs/individual_20251027_143604/summary_Individual_4.csv
[Master] Appended to runs/all_training_metrics_20251027_143604.csv
